user Tushar already exist
user Sanket already exist
user Hritik already exist
user Shivam already exist
user Shailesh already exist
user Saurabh already exist
user Ravi already exist
user Tushar already exist
user Sanket already exist
user Hritik already exist
user Shivam already exist
user Shailesh already exist
user Saurabh already exist
user Ravi already exist
user Tushar already exist
Created user: Tushar | Group: SAP | Temp Password: l3BOhbTiQao=
user Sanket already exist
Created user: Sanket | Group: SAP | Temp Password: w6jUplFDoig=
user Hritik already exist
Created user: Hritik | Group: ITmanagment | Temp Password: oHfLXJPg8Jg=
user Shivam already exist
Created user: Shivam | Group: Development | Temp Password: L1gAChMJJzE=
user Shailesh already exist
Created user: Shailesh | Group: Automobile | Temp Password: Jd7uaaW+qsU=
user Saurabh already exist
Created user: Saurabh | Group: Automobile | Temp Password: KCVHyzqpI9M=
user Ravi already exist
Created user: Ravi | Group: HR | Temp Password: SNNFQdqVga0=
